<?xml version="1.0" encoding="UTF-8"?>
<testng-results ignored="0" total="1" passed="1" failed="0" skipped="0">
  <reporter-output>
  </reporter-output>
  <suite started-at="2026-06-04T14:54:29 IST" name="Default suite" finished-at="2026-06-04T14:54:42 IST" duration-ms="13011">
    <groups>
    </groups>
    <test started-at="2026-06-04T14:54:29 IST" name="Default test" finished-at="2026-06-04T14:54:42 IST" duration-ms="13011">
      <class name="pac2.BrowserStackCode">
        <test-method signature="sampleTest()[pri:0, instance:pac2.BrowserStackCode@59474f18]" started-at="2026-06-04T14:54:29 IST" name="sampleTest" finished-at="2026-06-04T14:54:42 IST" duration-ms="12975" status="PASS">
          <reporter-output>
          </reporter-output>
        </test-method> <!-- sampleTest -->
      </class> <!-- pac2.BrowserStackCode -->
    </test> <!-- Default test -->
  </suite> <!-- Default suite -->
</testng-results>
