<?xml version="1.0" encoding="UTF-8"?>
<!-- Generated by org.testng.reporters.JUnitReportReporter -->
<testsuite hostname="LAPTOP-VS6I3RB4" failures="0" tests="3" name="pac1.ContactTest" time="73.243" errors="0" timestamp="2026-06-02T19:47:45 IST" skipped="0">
  <testcase classname="pac1.ContactTest" name="createContactTest" time="23.831"/>
  <testcase classname="pac1.ContactTest" name="createContactTest" time="24.270"/>
  <testcase classname="pac1.ContactTest" name="createContactTest" time="25.142"/>
</testsuite> <!-- pac1.ContactTest -->
